0 info it worked if it ends with ok
1 verbose cli [ 'C:\\Program Files\\nodejs\\node.exe',
1 verbose cli   'C:\\Program Files\\nodejs\\node_modules\\npm\\bin\\npm-cli.js',
1 verbose cli   'run',
1 verbose cli   'dev' ]
2 info using npm@4.1.2
3 info using node@v7.6.0
4 verbose run-script [ 'predev', 'dev', 'postdev' ]
5 info lifecycle webchat@0.0.0~predev: webchat@0.0.0
6 silly lifecycle webchat@0.0.0~predev: no script for predev, continuing
7 info lifecycle webchat@0.0.0~dev: webchat@0.0.0
8 verbose lifecycle webchat@0.0.0~dev: unsafe-perm in lifecycle true
9 verbose lifecycle webchat@0.0.0~dev: PATH: C:\Program Files\nodejs\node_modules\npm\bin\node-gyp-bin;C:\Users\duclinh\Desktop\MyMxh\frontend\node_modules\.bin;C:\ProgramData\Oracle\Java\javapath;C:\WINDOWS\system32;C:\WINDOWS;C:\WINDOWS\System32\Wbem;C:\WINDOWS\System32\WindowsPowerShell\v1.0\;C:\Program Files (x86)\Skype\Phone\;C:\Program Files\Git\cmd;C:\TDM-GCC-64\bin;C:\Program Files\nodejs\;C:\Users\duclinh\AppData\Local\Microsoft\WindowsApps;C:\Program Files (x86)\Microsoft VS Code\bin;C:\Program Files\Heroku\bin;C:\Users\duclinh\AppData\Roaming\npm
10 verbose lifecycle webchat@0.0.0~dev: CWD: C:\Users\duclinh\Desktop\MyMxh\frontend
11 silly lifecycle webchat@0.0.0~dev: Args: [ '/d /s /c', 'nodemon app' ]
12 silly lifecycle webchat@0.0.0~dev: Returned: code: 3221225786  signal: null
13 info lifecycle webchat@0.0.0~dev: Failed to exec dev script
14 verbose stack Error: webchat@0.0.0 dev: `nodemon app`
14 verbose stack Exit status 3221225786
14 verbose stack     at EventEmitter.<anonymous> (C:\Program Files\nodejs\node_modules\npm\lib\utils\lifecycle.js:279:16)
14 verbose stack     at emitTwo (events.js:106:13)
14 verbose stack     at EventEmitter.emit (events.js:192:7)
14 verbose stack     at ChildProcess.<anonymous> (C:\Program Files\nodejs\node_modules\npm\lib\utils\spawn.js:40:14)
14 verbose stack     at emitTwo (events.js:106:13)
14 verbose stack     at ChildProcess.emit (events.js:192:7)
14 verbose stack     at maybeClose (internal/child_process.js:890:16)
14 verbose stack     at Process.ChildProcess._handle.onexit (internal/child_process.js:226:5)
15 verbose pkgid webchat@0.0.0
16 verbose cwd C:\Users\duclinh\Desktop\MyMxh\frontend
17 error Windows_NT 10.0.14393
18 error argv "C:\\Program Files\\nodejs\\node.exe" "C:\\Program Files\\nodejs\\node_modules\\npm\\bin\\npm-cli.js" "run" "dev"
19 error node v7.6.0
20 error npm  v4.1.2
21 error code ELIFECYCLE
22 error webchat@0.0.0 dev: `nodemon app`
22 error Exit status 3221225786
23 error Failed at the webchat@0.0.0 dev script 'nodemon app'.
23 error Make sure you have the latest version of node.js and npm installed.
23 error If you do, this is most likely a problem with the webchat package,
23 error not with npm itself.
23 error Tell the author that this fails on your system:
23 error     nodemon app
23 error You can get information on how to open an issue for this project with:
23 error     npm bugs webchat
23 error Or if that isn't available, you can get their info via:
23 error     npm owner ls webchat
23 error There is likely additional logging output above.
24 verbose exit [ 1, true ]
